2023-01-13 09:56:28.566 - INFO - 22731 - azureml.train.automl.run._log_activity:55 - ActivityStarted: GetOutput
2023-01-13 09:56:28.587 - INFO - 22731 - azureml.train.automl.run._log_activity:55 - ActivityStarted: GetOutput
2023-01-13 09:56:28.605 - INFO - 22731 - azureml.train.automl.run._log_activity:55 - ActivityStarted: GetChildren
2023-01-13 09:56:28.713 - INFO - 22731 - azureml.train.automl.run._log_activity:89 - ActivityCompleted: Activity=GetChildren, HowEnded=Success, Duration=107.77[ms]
2023-01-13 09:56:28.761 - INFO - 22731 - azureml.train.automl.run._log_activity:89 - ActivityCompleted: Activity=GetOutput, HowEnded=Success, Duration=174.3[ms]
2023-01-13 09:56:28.762 - INFO - 22731 - azureml.train.automl._model_download_utilities._log_activity:55 - ActivityStarted: DownloadModel
2023-01-13 09:56:35.045 - INFO - 22731 - azureml.training.tabular.featurization.text.pretrained_text_dnn_transformer.horovod_initialized:66 - Horovod not found in current environment. Distribution via Horovod will be disabled.
2023-01-13 09:56:37.668 - INFO - 22731 - azureml.automl.runtime.featurization.data_transformer.__init__:190 - Feature sweeping enabled: False
2023-01-13 09:56:37.676 - INFO - 22731 - azureml.automl.runtime.featurization.data_transformer.__init__:191 - Feature sweeping timeout: 86400
2023-01-13 09:56:40.433 - INFO - 22731 - azureml.train.automl._model_download_utilities._log_activity:89 - ActivityCompleted: Activity=DownloadModel, HowEnded=Success, Duration=11671.63[ms]
2023-01-13 09:56:40.440 - INFO - 22731 - azureml.train.automl.run._log_activity:89 - ActivityCompleted: Activity=GetOutput, HowEnded=Success, Duration=11873.44[ms]
2023-01-13 13:43:49.679 - INFO - 35965 - azureml.train.automl.run._log_activity:55 - ActivityStarted: GetOutput
2023-01-13 13:43:49.706 - INFO - 35965 - azureml.train.automl.run._log_activity:55 - ActivityStarted: GetOutput
2023-01-13 13:43:49.728 - INFO - 35965 - azureml.train.automl.run._log_activity:55 - ActivityStarted: GetChildren
2023-01-13 13:43:49.853 - INFO - 35965 - azureml.train.automl.run._log_activity:89 - ActivityCompleted: Activity=GetChildren, HowEnded=Success, Duration=125.14[ms]
2023-01-13 13:43:49.927 - INFO - 35965 - azureml.train.automl.run._log_activity:89 - ActivityCompleted: Activity=GetOutput, HowEnded=Success, Duration=221.21[ms]
2023-01-13 13:43:49.932 - INFO - 35965 - azureml.train.automl._model_download_utilities._log_activity:55 - ActivityStarted: DownloadModel
2023-01-13 13:43:50.863 - INFO - 35965 - azureml.training.tabular.featurization.text.pretrained_text_dnn_transformer.horovod_initialized:66 - Horovod not found in current environment. Distribution via Horovod will be disabled.
2023-01-13 13:43:51.666 - INFO - 35965 - azureml.automl.runtime.featurization.data_transformer.__init__:190 - Feature sweeping enabled: False
2023-01-13 13:43:51.671 - INFO - 35965 - azureml.automl.runtime.featurization.data_transformer.__init__:191 - Feature sweeping timeout: 86400
2023-01-13 13:43:52.564 - INFO - 35965 - azureml.train.automl._model_download_utilities._log_activity:89 - ActivityCompleted: Activity=DownloadModel, HowEnded=Success, Duration=2631.35[ms]
2023-01-13 13:43:52.575 - INFO - 35965 - azureml.train.automl.run._log_activity:89 - ActivityCompleted: Activity=GetOutput, HowEnded=Success, Duration=2895.47[ms]
2023-01-13 14:59:38.557 - INFO - 35965 - azureml.train.automl.run._log_activity:55 - ActivityStarted: GetOutput
2023-01-13 14:59:38.584 - INFO - 35965 - azureml.train.automl.run._log_activity:55 - ActivityStarted: GetOutput
2023-01-13 14:59:38.608 - INFO - 35965 - azureml.train.automl.run._log_activity:55 - ActivityStarted: GetChildren
2023-01-13 14:59:38.744 - INFO - 35965 - azureml.train.automl.run._log_activity:89 - ActivityCompleted: Activity=GetChildren, HowEnded=Success, Duration=136.06[ms]
2023-01-13 14:59:38.800 - INFO - 35965 - azureml.train.automl.run._log_activity:89 - ActivityCompleted: Activity=GetOutput, HowEnded=Success, Duration=215.81[ms]
2023-01-13 14:59:38.810 - INFO - 35965 - azureml.train.automl._model_download_utilities._log_activity:55 - ActivityStarted: DownloadModel
2023-01-13 14:59:39.229 - INFO - 35965 - azureml.automl.runtime.featurization.data_transformer.__init__:190 - Feature sweeping enabled: False
2023-01-13 14:59:39.229 - INFO - 35965 - azureml.automl.runtime.featurization.data_transformer.__init__:191 - Feature sweeping timeout: 86400
2023-01-13 14:59:39.274 - INFO - 35965 - azureml.train.automl._model_download_utilities._log_activity:89 - ActivityCompleted: Activity=DownloadModel, HowEnded=Success, Duration=464.36[ms]
2023-01-13 14:59:39.274 - INFO - 35965 - azureml.train.automl.run._log_activity:89 - ActivityCompleted: Activity=GetOutput, HowEnded=Success, Duration=717.57[ms]
